<?xml version="1.0" encoding="UTF-8"?>
<!-- Generated by org.testng.reporters.JUnitXMLReporter -->
<testsuite ignored="0" hostname="Pushp-Samsung" failures="1" tests="3" name="Surefire test" time="66.153" errors="0" timestamp="2026-03-19T16:55:45 CDT">
  <testcase classname="io.cucumber.testng.AbstractTestNGCucumberTests" name="runScenario" time="16.472"/>
  <testcase classname="io.cucumber.testng.AbstractTestNGCucumberTests" name="runScenario" time="23.58">
    <failure type="java.lang.AssertionError" message="Employee ID not found in table: Prueba1 expected [true] but found [false]">
      <![CDATA[java.lang.AssertionError: Employee ID not found in table: Prueba1 expected [true] but found [false]
at StepDefinition.AdminTest.user_should_found_in_the_admin_table(AdminTest.java:44)
at ✽.user should found "Prueba1" in the admin table(file:///C:/Users/pushp/eclipse-workspace/OrangeHRM/./Feature/login.feature:24)
... Removed 3 stack frames]]>
    </failure>
  </testcase> <!-- runScenario -->
  <testcase classname="io.cucumber.testng.AbstractTestNGCucumberTests" name="runScenario" time="24.672"/>
</testsuite> <!-- Surefire test -->
