<?xml version="1.0" encoding="UTF-8"?>
<!-- Generated by org.testng.reporters.JUnitXMLReporter -->
<testsuite ignored="0" hostname="Pushp-Samsung" failures="1" tests="3" name="Default test" time="69.311" errors="0" timestamp="2026-03-19T15:40:21 CDT">
  <testcase classname="io.cucumber.testng.AbstractTestNGCucumberTests" name="runScenario" time="20.02"/>
  <testcase classname="io.cucumber.testng.AbstractTestNGCucumberTests" name="runScenario" time="22.75">
    <failure type="java.lang.AssertionError" message="Employee ID not found in table: Prueba1 expected [true] but found [false]">
      <![CDATA[java.lang.AssertionError: Employee ID not found in table: Prueba1 expected [true] but found [false]
at org.testng.Assert.fail(Assert.java:111)
at org.testng.Assert.failNotEquals(Assert.java:1578)
at org.testng.Assert.assertTrue(Assert.java:57)
at StepDefinition.AdminTest.user_should_found_in_the_admin_table(AdminTest.java:44)
at ✽.user should found "Prueba1" in the admin table(file:///C:/Users/pushp/eclipse-workspace/OrangeHRM/./Feature/login.feature:24)
]]>
    </failure>
  </testcase> <!-- runScenario -->
  <testcase classname="io.cucumber.testng.AbstractTestNGCucumberTests" name="runScenario" time="25.423"/>
</testsuite> <!-- Default test -->
