<?xml version="1.0" encoding="UTF-8"?>
<testsuite xmlns:xsi="http://www.w3.org/2001/XMLSchema-instance" xsi:noNamespaceSchemaLocation="https://maven.apache.org/surefire/maven-surefire-plugin/xsd/surefire-test-report.xsd" version="3.0.1" name="TestSuite" time="66.683" tests="3" errors="0" skipped="0" failures="1">
  <properties>
[...]
</properties>
  <testcase name="runScenario[&quot;User login with valid credentials.&quot;, &quot;Login&quot;](1)" classname="TestRunner.TestRunner" time="16.572">
    <system-out><![CDATA[
@regression
Scenario: User login with valid credentials.                                                 # ./Feature/login.feature:12
  ✔ Given User launch Chrome browser                                                         # StepDefinition.StepDef.user_launch_chrome_browser()
[16:54:43] INFO  StepDef - Open URL
  ✔ When User opens url "https://opensource-demo.orangehrmlive.com/web/index.php/auth/login" # StepDefinition.StepDef.user_opens_url(java.lang.String)
  ✔ Then Page title contains "OrangeHRM"                                                     # StepDefinition.StepDef.page_title_contains(java.lang.String)
[16:54:44] INFO  StepDef - Entered username and password
  ✔ And User enters username as "Admin" and password as "admin123"                           # StepDefinition.StepDef.user_enters_username_as_and_password_as(java.lang.String,java.lang.String)
[16:54:45] WARN  StepDef - Clicked on login button
  ✔ And User clicks on the login button                                                      # StepDefinition.StepDef.user_clicks_on_the_login_button()
[16:54:48] WARN  StepDef - Dashboard URL verified
  ✔ Then the url contains "dashboard"                                                        # StepDefinition.StepDef.the_url_contains(java.lang.String)
[16:54:48] INFO  StepDef - Clicked on User menu
  ✔ And User clicks on the user account tab                                                  # StepDefinition.StepDef.user_clicks_on_the_user_account_tab()
[16:54:49] INFO  StepDef - Clicked on logout button
  ✔ When User clicks on the Log out button                                                   # StepDefinition.StepDef.user_clicks_on_the_log_out_button()
[16:54:52] WARN  StepDef - Dashboard URL verified
  ✔ Then the url contains "login"                                                            # StepDefinition.StepDef.the_url_contains(java.lang.String)
[16:54:54] INFO  StepDef - Driver closed
  ✔ And User close the browser                                                               # StepDefinition.CloseStep.user_close_the_browser()
[16:54:56] INFO  StepDef - Quited driver
]]></system-out>
    <system-err><![CDATA[SLF4J: Failed to load class "org.slf4j.impl.StaticLoggerBinder".
SLF4J: Defaulting to no-operation (NOP) logger implementation
SLF4J: See http://www.slf4j.org/codes.html#StaticLoggerBinder for further details.
Mar 19, 2026 4:54:42 PM org.openqa.selenium.devtools.CdpVersionFinder findNearestMatch
WARNING: Unable to find an exact match for CDP version 146, returning the closest version; found: 144; Please update to a Selenium version that supports CDP version 146
]]></system-err>
  </testcase>
  <testcase name="runScenario[&quot;Search customer by Nmae from Admin page&quot;, &quot;Login&quot;](2)" classname="TestRunner.TestRunner" time="23.439">
    <failure message="Employee ID not found in table: Prueba1 expected [true] but found [false]" type="java.lang.AssertionError"><![CDATA[java.lang.AssertionError: Employee ID not found in table: Prueba1 expected [true] but found [false]
	at org.testng.Assert.fail(Assert.java:111)
	at org.testng.Assert.failNotEquals(Assert.java:1578)
	at org.testng.Assert.assertTrue(Assert.java:57)
	at StepDefinition.AdminTest.user_should_found_in_the_admin_table(AdminTest.java:44)
	at ✽.user should found "Prueba1" in the admin table(file:///C:/Users/pushp/eclipse-workspace/OrangeHRM/./Feature/login.feature:24)
]]></failure>
    <system-out><![CDATA[
@regression @smoke
Scenario: Search customer by Nmae from Admin page                                            # ./Feature/login.feature:19
  ✔ Given User launch Chrome browser                                                         # StepDefinition.StepDef.user_launch_chrome_browser()
[16:54:59] INFO  StepDef - Open URL
  ✔ When User opens url "https://opensource-demo.orangehrmlive.com/web/index.php/auth/login" # StepDefinition.StepDef.user_opens_url(java.lang.String)
  ✔ Then Page title contains "OrangeHRM"                                                     # StepDefinition.StepDef.page_title_contains(java.lang.String)
[16:55:00] INFO  StepDef - Entered username and password
  ✔ And User enters username as "Admin" and password as "admin123"                           # StepDefinition.StepDef.user_enters_username_as_and_password_as(java.lang.String,java.lang.String)
[16:55:01] WARN  StepDef - Clicked on login button
  ✔ And User clicks on the login button                                                      # StepDefinition.StepDef.user_clicks_on_the_login_button()
[16:55:04] WARN  StepDef - Dashboard URL verified
  ✔ Then the url contains "dashboard"                                                        # StepDefinition.StepDef.the_url_contains(java.lang.String)
[16:55:05] INFO  StepDef - Clicked on Admin button.
  ✔ When User clicks on the Admin                                                            # StepDefinition.AdminTest.user_clicks_on_the_admin()
[16:55:08] WARN  StepDef - Dashboard URL verified
  ✔ Then the url contains "admin"                                                            # StepDefinition.StepDef.the_url_contains(java.lang.String)
[16:55:08] INFO  StepDef - Entered username in username text box.
  ✔ And user enters "Prueba1" in username box                                                # StepDefinition.AdminTest.user_enters_in_username_box(java.lang.String)
[16:55:08] INFO  StepDef - Clicked on search button.
  ✔ When user clicks on the search button                                                    # StepDefinition.AdminTest.user_clicks_on_the_search_button()
  ✘ Then user should found "Prueba1" in the admin table                                      # StepDefinition.AdminTest.user_should_found_in_the_admin_table(java.lang.String)
        java.lang.AssertionError: Employee ID not found in table: Prueba1 expected [true] but found [false]
        	at org.testng.Assert.fail(Assert.java:111)
        	at org.testng.Assert.failNotEquals(Assert.java:1578)
        	at org.testng.Assert.assertTrue(Assert.java:57)
        	at StepDefinition.AdminTest.user_should_found_in_the_admin_table(AdminTest.java:44)
        	at ✽.user should found "Prueba1" in the admin table(file:///C:/Users/pushp/eclipse-workspace/OrangeHRM/./Feature/login.feature:24)

        Embedding Search customer by Nmae from Admin page_1773957318892 [image/png 84039 bytes]

  ↷ And User close the browser                                                               # StepDefinition.CloseStep.user_close_the_browser()
[16:55:19] INFO  StepDef - Quited driver
]]></system-out>
    <system-err><![CDATA[Mar 19, 2026 4:54:57 PM org.openqa.selenium.devtools.CdpVersionFinder findNearestMatch
WARNING: Unable to find an exact match for CDP version 146, returning the closest version; found: 144; Please update to a Selenium version that supports CDP version 146
]]></system-err>
  </testcase>
  <testcase name="runScenario[&quot;Add Employee and Search from PIM page&quot;, &quot;Login&quot;](3)" classname="TestRunner.TestRunner" time="24.661">
    <system-out><![CDATA[
@test @regression
Scenario: Add Employee and Search from PIM page                                              # ./Feature/login.feature:28
  ✔ Given User launch Chrome browser                                                         # StepDefinition.StepDef.user_launch_chrome_browser()
[16:55:22] INFO  StepDef - Open URL
  ✔ When User opens url "https://opensource-demo.orangehrmlive.com/web/index.php/auth/login" # StepDefinition.StepDef.user_opens_url(java.lang.String)
  ✔ Then Page title contains "OrangeHRM"                                                     # StepDefinition.StepDef.page_title_contains(java.lang.String)
[16:55:23] INFO  StepDef - Entered username and password
  ✔ And User enters username as "Admin" and password as "admin123"                           # StepDefinition.StepDef.user_enters_username_as_and_password_as(java.lang.String,java.lang.String)
[16:55:23] WARN  StepDef - Clicked on login button
  ✔ And User clicks on the login button                                                      # StepDefinition.StepDef.user_clicks_on_the_login_button()
[16:55:26] WARN  StepDef - Dashboard URL verified
  ✔ Then the url contains "dashboard"                                                        # StepDefinition.StepDef.the_url_contains(java.lang.String)
[16:55:30] INFO  StepDef - User clicked on PIM button.
  ✔ When User clicks on the PIM                                                              # StepDefinition.PIMTest.User_clicks_on_the_Pim()
[16:55:33] WARN  StepDef - Dashboard URL verified
  ✔ Then the url contains "pim"                                                              # StepDefinition.StepDef.the_url_contains(java.lang.String)
[16:55:33] INFO  StepDef - User clicked on add button.
  ✔ And user clicks on the Add button                                                        # StepDefinition.PIMTest.user_clicks_on_the_add_button()
[16:55:34] INFO  StepDef - User entered first name in first name box.
  ✔ And user enters "Pushp" in first name box                                                # StepDefinition.PIMTest.user_enters_in_first_name_box(java.lang.String)
[16:55:34] INFO  StepDef - User entered last name in last name box.
  ✔ And user enters "Yadav" in last name box                                                 # StepDefinition.PIMTest.user_enters_in_last_name_box(java.lang.String)
[16:55:34] INFO  StepDef - User entered employee iD  in ID box.
  ✔ And user enters id in employee ID box                                                    # StepDefinition.PIMTest.user_enters_id_in_employee_id_box()
[16:55:34] INFO  StepDef - User clicks on the save button.
  ✔ When user clicks on the save button                                                      # StepDefinition.PIMTest.user_clicks_on_the_save_button()
  ✔ Then user should see the profile name as "Pushp Yadav"                                   # StepDefinition.PIMTest.user_should_see_the_profile_name_as(java.lang.String)
[16:55:43] INFO  StepDef - User clicked on PIM button.
  ✔ And User clicks on the PIM                                                               # StepDefinition.PIMTest.User_clicks_on_the_Pim()
  ✔ And user search with employee name "Pushp Yadav"                                         # StepDefinition.PIMTest.user_search_with_employee_name(java.lang.String)
[16:55:43] INFO  StepDef - Clicked on search button.
  ✔ When user clicks on the search button                                                    # StepDefinition.AdminTest.user_clicks_on_the_search_button()
  ✔ Then user should found "Pushp" in the PIM table                                          # StepDefinition.PIMTest.user_should_found_in_the_PIM_table(java.lang.String)
[16:55:44] INFO  StepDef - Driver closed
  ✔ And User close the browser                                                               # StepDefinition.CloseStep.user_close_the_browser()
[16:55:44] INFO  StepDef - Quited driver
]]></system-out>
    <system-err><![CDATA[Mar 19, 2026 4:55:20 PM org.openqa.selenium.devtools.CdpVersionFinder findNearestMatch
WARNING: Unable to find an exact match for CDP version 146, returning the closest version; found: 144; Please update to a Selenium version that supports CDP version 146
Mar 19, 2026 4:55:44 PM org.openqa.selenium.remote.http.WebSocket$Listener onError
WARNING: Connection reset
java.net.SocketException: Connection reset
	at java.base/sun.nio.ch.SocketChannelImpl.throwConnectionReset(SocketChannelImpl.java:401)
	at java.base/sun.nio.ch.SocketChannelImpl.read(SocketChannelImpl.java:434)
	at java.net.http/jdk.internal.net.http.SocketTube.readAvailable(SocketTube.java:1178)
	at java.net.http/jdk.internal.net.http.SocketTube$InternalReadPublisher$InternalReadSubscription.read(SocketTube.java:841)
	at java.net.http/jdk.internal.net.http.SocketTube$SocketFlowTask.run(SocketTube.java:181)
	at java.net.http/jdk.internal.net.http.common.SequentialScheduler$SchedulableTask.run(SequentialScheduler.java:207)
	at java.net.http/jdk.internal.net.http.common.SequentialScheduler.runOrSchedule(SequentialScheduler.java:280)
	at java.net.http/jdk.internal.net.http.common.SequentialScheduler.runOrSchedule(SequentialScheduler.java:233)
	at java.net.http/jdk.internal.net.http.SocketTube$InternalReadPublisher$InternalReadSubscription.signalReadable(SocketTube.java:782)
	at java.net.http/jdk.internal.net.http.SocketTube$InternalReadPublisher$ReadEvent.signalEvent(SocketTube.java:965)
	at java.net.http/jdk.internal.net.http.SocketTube$SocketFlowEvent.handle(SocketTube.java:253)
	at java.net.http/jdk.internal.net.http.HttpClientImpl$SelectorManager.handleEvent(HttpClientImpl.java:1477)
	at java.net.http/jdk.internal.net.http.HttpClientImpl$SelectorManager.lambda$run$3(HttpClientImpl.java:1422)
	at java.base/java.util.ArrayList.forEach(ArrayList.java:1596)
	at java.net.http/jdk.internal.net.http.HttpClientImpl$SelectorManager.run(HttpClientImpl.java:1422)

]]></system-err>
  </testcase>
</testsuite>