<?xml version="1.0" encoding="UTF-8"?>
<testsuite xmlns:xsi="http://www.w3.org/2001/XMLSchema-instance" xsi:noNamespaceSchemaLocation="https://maven.apache.org/surefire/maven-surefire-plugin/xsd/surefire-test-report.xsd" version="3.0.1" name="TestSuite" time="14.436" tests="1" errors="0" skipped="0" failures="0">
  <properties>
[...]
</properties>
  <testcase name="runScenario[&quot;User login with valid credentials.&quot;, &quot;Login&quot;](1)" classname="TestRunner.TestRunner" time="13.304">
    <system-out><![CDATA[
@test @regression
Scenario: User login with valid credentials.                                                 # ./Feature/login.feature:12
  ✔ Given User launch Chrome browser                                                         # StepDefination.StepDef.user_launch_chrome_browser()
[19:54:21] INFO  StepDef - Open URL
  ✔ When User opens url "https://opensource-demo.orangehrmlive.com/web/index.php/auth/login" # StepDefination.StepDef.user_opens_url(java.lang.String)
  ✔ Then Page title contains "OrangeHRM"                                                     # StepDefination.StepDef.page_title_contains(java.lang.String)
[19:54:21] INFO  StepDef - Entered username and password
  ✔ And User enters username as "Admin" and password as "admin123"                           # StepDefination.StepDef.user_enters_username_as_and_password_as(java.lang.String,java.lang.String)
[19:54:21] WARN  StepDef - Clicked on login button
  ✔ And User clicks on the login button                                                      # StepDefination.StepDef.user_clicks_on_the_login_button()
[19:54:24] WARN  StepDef - Dashboard URL verified
  ✔ Then the url contains "dashboard"                                                        # StepDefination.StepDef.the_url_contains(java.lang.String)
[19:54:25] INFO  StepDef - Clicked on User menu
  ✔ And User clicks on the user account tab                                                  # StepDefination.StepDef.user_clicks_on_the_user_account_tab()
[19:54:26] INFO  StepDef - Clicked on logout button
  ✔ When User clicks on the Log out button                                                   # StepDefination.StepDef.user_clicks_on_the_log_out_button()
[19:54:29] WARN  StepDef - Dashboard URL verified
  ✔ Then the url contains "login"                                                            # StepDefination.StepDef.the_url_contains(java.lang.String)
[19:54:29] INFO  StepDef - Driver closed
  ✔ And User close the browser                                                               # StepDefination.StepDef.user_close_the_browser()
[19:54:29] INFO  StepDef - Quited driver
]]></system-out>
    <system-err><![CDATA[SLF4J: Failed to load class "org.slf4j.impl.StaticLoggerBinder".
SLF4J: Defaulting to no-operation (NOP) logger implementation
SLF4J: See http://www.slf4j.org/codes.html#StaticLoggerBinder for further details.
Mar 17, 2026 7:54:19 PM org.openqa.selenium.devtools.CdpVersionFinder findNearestMatch
WARNING: Unable to find an exact match for CDP version 146, returning the closest version; found: 144; Please update to a Selenium version that supports CDP version 146
Mar 17, 2026 7:54:29 PM org.openqa.selenium.remote.http.WebSocket$Listener onError
WARNING: Connection reset
java.net.SocketException: Connection reset
	at java.base/sun.nio.ch.SocketChannelImpl.throwConnectionReset(SocketChannelImpl.java:401)
	at java.base/sun.nio.ch.SocketChannelImpl.read(SocketChannelImpl.java:434)
	at java.net.http/jdk.internal.net.http.SocketTube.readAvailable(SocketTube.java:1178)
	at java.net.http/jdk.internal.net.http.SocketTube$InternalReadPublisher$InternalReadSubscription.read(SocketTube.java:841)
	at java.net.http/jdk.internal.net.http.SocketTube$SocketFlowTask.run(SocketTube.java:181)
	at java.net.http/jdk.internal.net.http.common.SequentialScheduler$SchedulableTask.run(SequentialScheduler.java:207)
	at java.net.http/jdk.internal.net.http.common.SequentialScheduler.runOrSchedule(SequentialScheduler.java:280)
	at java.net.http/jdk.internal.net.http.common.SequentialScheduler.runOrSchedule(SequentialScheduler.java:233)
	at java.net.http/jdk.internal.net.http.SocketTube$InternalReadPublisher$InternalReadSubscription.signalReadable(SocketTube.java:782)
	at java.net.http/jdk.internal.net.http.SocketTube$InternalReadPublisher$ReadEvent.signalEvent(SocketTube.java:965)
	at java.net.http/jdk.internal.net.http.SocketTube$SocketFlowEvent.handle(SocketTube.java:253)
	at java.net.http/jdk.internal.net.http.HttpClientImpl$SelectorManager.handleEvent(HttpClientImpl.java:1477)
	at java.net.http/jdk.internal.net.http.HttpClientImpl$SelectorManager.lambda$run$3(HttpClientImpl.java:1422)
	at java.base/java.util.ArrayList.forEach(ArrayList.java:1596)
	at java.net.http/jdk.internal.net.http.HttpClientImpl$SelectorManager.run(HttpClientImpl.java:1422)

]]></system-err>
  </testcase>
</testsuite>