<?xml version="1.0" encoding="UTF-8"?>
<!-- Generated by org.testng.reporters.JUnitReportReporter -->
<testsuite hostname="Pushp-Samsung" failures="0" tests="3" name="TestRunner.TestRunner" time="54.344" errors="1" timestamp="2026-03-19T22:20:27 CDT" skipped="0">
  <testcase classname="TestRunner.TestRunner" name="runScenario" time="26.926"/>
  <testcase classname="TestRunner.TestRunner" name="runScenario" time="11.594">
    <error message="stale element reference: stale element not found in the current frame
  (Session info: chrome=146.0.7680.80)
For documentation on this error, please visit: https://www.selenium.dev/documentation/webdriver/troubleshooting/errors#staleelementreferenceexception
Build info: version: &#039;4.40.0&#039;, revision: &#039;b3333f1&#039;
System info: os.name: &#039;Windows 11&#039;, os.arch: &#039;amd64&#039;, os.version: &#039;10.0&#039;, java.version: &#039;21.0.10&#039;
Driver info: org.openqa.selenium.chrome.ChromeDriver
Command: [93e1400285daa56f904caea1118ab463, findChildElement {id=f.450A4FB6ED866F4F3256575217FE4651.d.49CED67D0653A561B80FDD99F24A26E6.e.80, value=.//*[@role=&#039;cell&#039;][2], using=xpath}]
Capabilities {acceptInsecureCerts: false, browserName: chrome, browserVersion: 146.0.7680.80, chrome: {chromedriverVersion: 146.0.7680.153 (85fd829a1b2..., userDataDir: C:\Users\pushp\AppData\Loca...}, fedcm:accounts: true, goog:chromeOptions: {debuggerAddress: localhost:57236}, goog:processID: 39840, networkConnectionEnabled: false, pageLoadStrategy: normal, platformName: windows, proxy: Proxy(), se:cdp: ws://localhost:57236/devtoo..., se:cdpVersion: 146.0.7680.80, setWindowRect: true, strictFileInteractability: false, timeouts: {implicit: 0, pageLoad: 300000, script: 30000}, unhandledPromptBehavior: dismiss and notify, webauthn:extension:credBlob: true, webauthn:extension:largeBlob: true, webauthn:extension:minPinLength: true, webauthn:extension:prf: true, webauthn:virtualAuthenticators: true}
Session ID: 93e1400285daa56f904caea1118ab463" type="org.openqa.selenium.StaleElementReferenceException">
      <![CDATA[org.openqa.selenium.StaleElementReferenceException: stale element reference: stale element not found in the current frame
  (Session info: chrome=146.0.7680.80)
For documentation on this error, please visit: https://www.selenium.dev/documentation/webdriver/troubleshooting/errors#staleelementreferenceexception
Build info: version: '4.40.0', revision: 'b3333f1'
System info: os.name: 'Windows 11', os.arch: 'amd64', os.version: '10.0', java.version: '21.0.10'
Driver info: org.openqa.selenium.chrome.ChromeDriver
Command: [93e1400285daa56f904caea1118ab463, findChildElement {id=f.450A4FB6ED866F4F3256575217FE4651.d.49CED67D0653A561B80FDD99F24A26E6.e.80, value=.//*[@role='cell'][2], using=xpath}]
Capabilities {acceptInsecureCerts: false, browserName: chrome, browserVersion: 146.0.7680.80, chrome: {chromedriverVersion: 146.0.7680.153 (85fd829a1b2..., userDataDir: C:\Users\pushp\AppData\Loca...}, fedcm:accounts: true, goog:chromeOptions: {debuggerAddress: localhost:57236}, goog:processID: 39840, networkConnectionEnabled: false, pageLoadStrategy: normal, platformName: windows, proxy: Proxy(), se:cdp: ws://localhost:57236/devtoo..., se:cdpVersion: 146.0.7680.80, setWindowRect: true, strictFileInteractability: false, timeouts: {implicit: 0, pageLoad: 300000, script: 30000}, unhandledPromptBehavior: dismiss and notify, webauthn:extension:credBlob: true, webauthn:extension:largeBlob: true, webauthn:extension:minPinLength: true, webauthn:extension:prf: true, webauthn:virtualAuthenticators: true}
Session ID: 93e1400285daa56f904caea1118ab463
at org.openqa.selenium.remote.ErrorCodec.decode(ErrorCodec.java:169)
at org.openqa.selenium.remote.codec.w3c.W3CHttpResponseCodec.decode(W3CHttpResponseCodec.java:142)
at org.openqa.selenium.remote.codec.w3c.W3CHttpResponseCodec.decode(W3CHttpResponseCodec.java:49)
at org.openqa.selenium.remote.HttpCommandExecutor.execute(HttpCommandExecutor.java:223)
at org.openqa.selenium.remote.service.DriverCommandExecutor.invokeExecute(DriverCommandExecutor.java:216)
at org.openqa.selenium.remote.service.DriverCommandExecutor.execute(DriverCommandExecutor.java:174)
at org.openqa.selenium.remote.RemoteWebDriver.execute(RemoteWebDriver.java:601)
at org.openqa.selenium.remote.ElementLocation$ElementFinder$2.findElement(ElementLocation.java:166)
at org.openqa.selenium.remote.ElementLocation.findElement(ElementLocation.java:60)
at org.openqa.selenium.remote.RemoteWebDriver.findElement(RemoteWebDriver.java:424)
at org.openqa.selenium.remote.RemoteWebElement.findElement(RemoteWebElement.java:211)
at PageObject.BasePage.isValuePresent(BasePage.java:81)
at PageObject.AdminPage.isValuePresentInAdminTable(AdminPage.java:45)
at StepDefinition.AdminTest.user_should_found_in_the_admin_table(AdminTest.java:43)
at ✽.user should found "Prueba1" in the admin table(file:///C:/Users/pushp/eclipse-workspace/OrangeHRM/./Feature/login.feature:24)
]]>
    </error>
  </testcase> <!-- runScenario -->
  <testcase classname="TestRunner.TestRunner" name="runScenario" time="15.824"/>
</testsuite> <!-- TestRunner.TestRunner -->
