<?xml version="1.0" encoding="UTF-8"?>
<!-- Generated by org.testng.reporters.JUnitXMLReporter -->
<testsuite ignored="0" hostname="Pushp-Samsung" failures="1" tests="3" name="Chrome Test" time="61.203" errors="0" timestamp="2026-03-19T18:48:25 CDT">
  <testcase classname="io.cucumber.testng.AbstractTestNGCucumberTests" name="runScenario" time="13.231"/>
  <testcase classname="io.cucumber.testng.AbstractTestNGCucumberTests" name="runScenario" time="21.53">
    <failure type="java.lang.AssertionError" message="Employee ID not found in table: Prueba1 expected [true] but found [false]">
      <![CDATA[java.lang.AssertionError: Employee ID not found in table: Prueba1 expected [true] but found [false]
at StepDefinition.AdminTest.user_should_found_in_the_admin_table(AdminTest.java:44)
at ✽.user should found "Prueba1" in the admin table(file:///C:/Users/pushp/eclipse-workspace/OrangeHRM/./Feature/login.feature:24)
... Removed 3 stack frames]]>
    </failure>
  </testcase> <!-- runScenario -->
  <testcase classname="io.cucumber.testng.AbstractTestNGCucumberTests" name="runScenario" time="25.347"/>
</testsuite> <!-- Chrome Test -->
