<?xml version="1.0" encoding="UTF-8"?>
<!-- Generated by org.testng.reporters.JUnitReportReporter -->
<testsuite hostname="Pushp-Samsung" failures="1" tests="3" name="TestRunner.TestRunner" time="64.724" errors="0" timestamp="2026-03-19T16:55:45 CDT" skipped="0">
  <testcase classname="TestRunner.TestRunner" name="runScenario" time="16.472"/>
  <testcase classname="TestRunner.TestRunner" name="runScenario" time="24.672"/>
  <testcase classname="TestRunner.TestRunner" name="runScenario" time="23.580">
    <failure message="Employee ID not found in table: Prueba1 expected [true] but found [false]" type="java.lang.AssertionError">
      <![CDATA[java.lang.AssertionError: Employee ID not found in table: Prueba1 expected [true] but found [false]
at org.testng.Assert.fail(Assert.java:111)
at org.testng.Assert.failNotEquals(Assert.java:1578)
at org.testng.Assert.assertTrue(Assert.java:57)
at StepDefinition.AdminTest.user_should_found_in_the_admin_table(AdminTest.java:44)
at ✽.user should found "Prueba1" in the admin table(file:///C:/Users/pushp/eclipse-workspace/OrangeHRM/./Feature/login.feature:24)
]]>
    </failure>
  </testcase> <!-- runScenario -->
</testsuite> <!-- TestRunner.TestRunner -->
